npm verb cli C:\Program Files\nodejs\node.exe C:\Users\User\AppData\Roaming\npm\node_modules\npm\bin\npm-cli.js
npm info using npm@10.2.4
npm info using node@v21.2.0
npm verb title npm install
npm verb argv "install" "--legacy-peer-deps" "--loglevel" "verbose"
npm verb logfile logs-max:10 dir:C:\Users\User\AppData\Local\npm-cache\_logs\2024-03-10T11_26_01_837Z-
npm verb logfile C:\Users\User\AppData\Local\npm-cache\_logs\2024-03-10T11_26_01_837Z-debug-0.log
npm http fetch GET 200 https://registry.npmjs.org/browserstack-cypress-cli 16ms (cache hit)
npm http fetch GET 200 https://registry.npmjs.org/cypress 7ms (cache hit)
npm http fetch GET 200 https://registry.npmjs.org/chalk 131ms (cache hit)
npm http fetch GET 200 https://registry.npmjs.org/browserstack-local 133ms (cache hit)
npm http fetch GET 200 https://registry.npmjs.org/archiver 135ms (cache hit)
npm http fetch GET 200 https://registry.npmjs.org/async 136ms (cache hit)
npm http fetch GET 200 https://registry.npmjs.org/git-repo-info 134ms (cache hit)
npm http fetch GET 200 https://registry.npmjs.org/cli-progress 137ms (cache hit)
npm http fetch GET 200 https://registry.npmjs.org/git-last-commit 137ms (cache hit)
npm http fetch GET 200 https://registry.npmjs.org/gitconfiglocal 137ms (cache hit)
npm http fetch GET 200 https://registry.npmjs.org/fs-extra 140ms (cache hit)
npm http fetch GET 200 https://registry.npmjs.org/node-ipc 138ms (cache hit)
npm http fetch GET 200 https://registry.npmjs.org/mkdirp 139ms (cache hit)
npm http fetch GET 200 https://registry.npmjs.org/getmac 142ms (cache hit)
npm http fetch GET 200 https://registry.npmjs.org/table 141ms (cache hit)
npm http fetch GET 200 https://registry.npmjs.org/requestretry 144ms (cache hit)
npm http fetch GET 200 https://registry.npmjs.org/mocha 146ms (cache hit)
npm http fetch GET 200 https://registry.npmjs.org/update-notifier 149ms (cache hit)
npm http fetch GET 200 https://registry.npmjs.org/uuid 150ms (cache hit)
npm http fetch GET 200 https://registry.npmjs.org/glob 153ms (cache hit)
npm http fetch GET 200 https://registry.npmjs.org/winston 154ms (cache hit)
npm http fetch GET 200 https://registry.npmjs.org/@cypress%2frequest 153ms (cache hit)
npm http fetch GET 200 https://registry.npmjs.org/blob-util 152ms (cache hit)
npm http fetch GET 200 https://registry.npmjs.org/decompress 156ms (cache hit)
npm http fetch GET 200 https://registry.npmjs.org/@cypress%2fxvfb 155ms (cache hit)
npm http fetch GET 200 https://registry.npmjs.org/request 159ms (cache hit)
npm http fetch GET 200 https://registry.npmjs.org/cachedir 155ms (cache hit)
npm http fetch GET 200 https://registry.npmjs.org/arch 157ms (cache hit)
npm http fetch GET 200 https://registry.npmjs.org/buffer 156ms (cache hit)
npm http fetch GET 200 https://registry.npmjs.org/chalk 158ms (cache hit)
npm http fetch GET 200 https://registry.npmjs.org/bluebird 161ms (cache hit)
npm http fetch GET 200 https://registry.npmjs.org/yargs 167ms (cache hit)
npm http fetch GET 200 https://registry.npmjs.org/cli-cursor 165ms (cache hit)
npm http fetch GET 200 https://registry.npmjs.org/check-more-types 167ms (cache hit)
npm http fetch GET 200 https://registry.npmjs.org/common-tags 165ms (cache hit)
npm http fetch GET 200 https://registry.npmjs.org/commander 168ms (cache hit)
npm http fetch GET 200 https://registry.npmjs.org/enquirer 167ms (cache hit)
npm http fetch GET 200 https://registry.npmjs.org/eventemitter2 168ms (cache hit)
npm http fetch GET 200 https://registry.npmjs.org/@types%2fsizzle 174ms (cache hit)
npm http fetch GET 200 https://registry.npmjs.org/extract-zip 168ms (cache hit)
npm http fetch GET 200 https://registry.npmjs.org/debug 170ms (cache hit)
npm http fetch GET 200 https://registry.npmjs.org/executable 170ms (cache hit)
npm http fetch GET 200 https://registry.npmjs.org/is-installed-globally 170ms (cache hit)
npm http fetch GET 200 https://registry.npmjs.org/execa 171ms (cache hit)
npm http fetch GET 200 https://registry.npmjs.org/dayjs 173ms (cache hit)
npm http fetch GET 200 https://registry.npmjs.org/is-ci 173ms (cache hit)
npm http fetch GET 200 https://registry.npmjs.org/getos 174ms (cache hit)
npm http fetch GET 200 https://registry.npmjs.org/fs-extra 175ms (cache hit)
npm http fetch GET 200 https://registry.npmjs.org/lodash 175ms (cache hit)
npm http fetch GET 200 https://registry.npmjs.org/log-symbols 176ms (cache hit)
npm http fetch GET 200 https://registry.npmjs.org/minimist 176ms (cache hit)
npm http fetch GET 200 https://registry.npmjs.org/pretty-bytes 176ms (cache hit)
npm http fetch GET 200 https://registry.npmjs.org/ospath 181ms (cache hit)
npm http fetch GET 200 https://registry.npmjs.org/process 182ms (cache hit)
npm http fetch GET 200 https://registry.npmjs.org/semver 181ms (cache hit)
npm http fetch GET 200 https://registry.npmjs.org/listr2 185ms (cache hit)
npm http fetch GET 200 https://registry.npmjs.org/proxy-from-env 188ms (cache hit)
npm http fetch GET 200 https://registry.npmjs.org/lazy-ass 191ms (cache hit)
npm http fetch GET 200 https://registry.npmjs.org/cli-table3 198ms (cache hit)
npm http fetch GET 200 https://registry.npmjs.org/supports-color 190ms (cache hit)
npm http fetch GET 200 https://registry.npmjs.org/request-progress 191ms (cache hit)
npm http fetch GET 200 https://registry.npmjs.org/untildify 190ms (cache hit)
npm http fetch GET 200 https://registry.npmjs.org/tmp 191ms (cache hit)
npm http fetch GET 200 https://registry.npmjs.org/yauzl 192ms (cache hit)
npm http fetch GET 200 https://registry.npmjs.org/figures 198ms (cache hit)
npm http fetch GET 200 https://registry.npmjs.org/@types%2fsinonjs__fake-timers 207ms (cache hit)
npm http fetch GET 200 https://registry.npmjs.org/windows-release 210ms (cache hit)
npm http fetch GET 200 https://registry.npmjs.org/archiver-utils 387ms (cache hit)
npm http fetch GET 200 https://registry.npmjs.org/readdir-glob 384ms (cache hit)
npm http fetch GET 200 https://registry.npmjs.org/readable-stream 386ms (cache hit)
npm http fetch GET 200 https://registry.npmjs.org/tar-stream 387ms (cache hit)
npm http fetch GET 200 https://registry.npmjs.org/https-proxy-agent 382ms (cache hit)
npm http fetch GET 200 https://registry.npmjs.org/is-running 382ms (cache hit)
npm http fetch GET 200 https://registry.npmjs.org/buffer-crc32 391ms (cache hit)
npm http fetch GET 200 https://registry.npmjs.org/ps-tree 384ms (cache hit)
npm http fetch GET 200 https://registry.npmjs.org/agent-base 383ms (cache hit)
npm http fetch GET 200 https://registry.npmjs.org/zip-stream 391ms (cache hit)
npm http fetch GET 200 https://registry.npmjs.org/string-width 382ms (cache hit)
npm http fetch GET 200 https://registry.npmjs.org/temp-fs 387ms (cache hit)
npm http fetch GET 200 https://registry.npmjs.org/decompress-tarbz2 382ms (cache hit)
npm http fetch GET 200 https://registry.npmjs.org/decompress-tar 383ms (cache hit)
npm http fetch GET 200 https://registry.npmjs.org/decompress-targz 383ms (cache hit)
npm http fetch GET 200 https://registry.npmjs.org/decompress-unzip 383ms (cache hit)
npm http fetch GET 200 https://registry.npmjs.org/pify 383ms (cache hit)
npm http fetch GET 200 https://registry.npmjs.org/make-dir 383ms (cache hit)
npm http fetch GET 200 https://registry.npmjs.org/strip-dirs 383ms (cache hit)
npm http fetch GET 200 https://registry.npmjs.org/graceful-fs 382ms (cache hit)
npm http fetch GET 200 https://registry.npmjs.org/graceful-fs 386ms (cache hit)
npm http fetch GET 200 https://registry.npmjs.org/jsonfile 383ms (cache hit)
npm http fetch GET 200 https://registry.npmjs.org/universalify 383ms (cache hit)
npm http fetch GET 200 https://registry.npmjs.org/ini 377ms (cache hit)
npm http fetch GET 200 https://registry.npmjs.org/inflight 376ms (cache hit)
npm http fetch GET 200 https://registry.npmjs.org/inherits 377ms (cache hit)
npm http fetch GET 200 https://registry.npmjs.org/path-is-absolute 370ms (cache hit)
npm http fetch GET 200 https://registry.npmjs.org/browser-stdout 367ms (cache hit)
npm http fetch GET 200 https://registry.npmjs.org/ansi-colors 368ms (cache hit)
npm http fetch GET 200 https://registry.npmjs.org/minimatch 379ms (cache hit)
npm http fetch GET 200 https://registry.npmjs.org/once 380ms (cache hit)
npm http fetch GET 200 https://registry.npmjs.org/ansi-styles 399ms (cache hit)
npm http fetch GET 200 https://registry.npmjs.org/chokidar 372ms (cache hit)
npm http fetch GET 200 https://registry.npmjs.org/diff 372ms (cache hit)
npm http fetch GET 200 https://registry.npmjs.org/find-up 372ms (cache hit)
npm http fetch GET 200 https://registry.npmjs.org/serialize-javascript 371ms (cache hit)
npm http fetch GET 200 https://registry.npmjs.org/js-yaml 373ms (cache hit)
npm http fetch GET 200 https://registry.npmjs.org/escape-string-regexp 375ms (cache hit)
npm http fetch GET 200 https://registry.npmjs.org/minimatch 374ms (cache hit)
npm http fetch GET 200 https://registry.npmjs.org/strip-json-comments 374ms (cache hit)
npm http fetch GET 200 https://registry.npmjs.org/yargs-unparser 374ms (cache hit)
npm http fetch GET 200 https://registry.npmjs.org/workerpool 375ms (cache hit)
npm http fetch GET 200 https://registry.npmjs.org/yargs-parser 375ms (cache hit)
npm http fetch GET 200 https://registry.npmjs.org/js-message 374ms (cache hit)
npm http fetch GET 200 https://registry.npmjs.org/event-pubsub 374ms (cache hit)
npm http fetch GET 200 https://registry.npmjs.org/js-queue 374ms (cache hit)
npm http fetch GET 200 https://registry.npmjs.org/caseless 374ms (cache hit)
npm http fetch GET 200 https://registry.npmjs.org/aws-sign2 374ms (cache hit)
npm http fetch GET 200 https://registry.npmjs.org/aws4 374ms (cache hit)
npm http fetch GET 200 https://registry.npmjs.org/combined-stream 375ms (cache hit)
npm http fetch GET 200 https://registry.npmjs.org/extend 374ms (cache hit)
npm http fetch GET 200 https://registry.npmjs.org/forever-agent 375ms (cache hit)
npm http fetch GET 200 https://registry.npmjs.org/http-signature 374ms (cache hit)
npm http fetch GET 200 https://registry.npmjs.org/har-validator 376ms (cache hit)
npm http fetch GET 200 https://registry.npmjs.org/form-data 376ms (cache hit)
npm http fetch GET 200 https://registry.npmjs.org/is-typedarray 376ms (cache hit)
npm http fetch GET 200 https://registry.npmjs.org/isstream 377ms (cache hit)
npm http fetch GET 200 https://registry.npmjs.org/@types%2fnode 408ms (cache hit)
npm http fetch GET 200 https://registry.npmjs.org/mime-types 410ms (cache hit)
npm http fetch GET 200 https://registry.npmjs.org/oauth-sign 412ms (cache hit)
npm http fetch GET 200 https://registry.npmjs.org/json-stringify-safe 414ms (cache hit)
npm http fetch GET 200 https://registry.npmjs.org/performance-now 413ms (cache hit)
npm http fetch GET 200 https://registry.npmjs.org/tough-cookie 413ms (cache hit)
npm http fetch GET 200 https://registry.npmjs.org/safe-buffer 414ms (cache hit)
npm http fetch GET 200 https://registry.npmjs.org/qs 416ms (cache hit)
npm http fetch GET 200 https://registry.npmjs.org/tunnel-agent 417ms (cache hit)
npm http fetch GET 200 https://registry.npmjs.org/string-width 414ms (cache hit)
npm http fetch GET 200 https://registry.npmjs.org/slice-ansi 415ms (cache hit)
npm http fetch GET 200 https://registry.npmjs.org/boxen 414ms (cache hit)
npm http fetch GET 200 https://registry.npmjs.org/ms 430ms (cache hit)
npm http fetch GET 200 https://registry.npmjs.org/configstore 415ms (cache hit)
npm http fetch GET 200 https://registry.npmjs.org/is-npm 415ms (cache hit)
npm http fetch GET 200 https://registry.npmjs.org/has-yarn 416ms (cache hit)
npm http fetch GET 200 https://registry.npmjs.org/import-lazy 417ms (cache hit)
npm http fetch GET 200 https://registry.npmjs.org/extend 421ms (cache hit)
npm http fetch GET 200 https://registry.npmjs.org/ajv 421ms (cache hit)
npm http fetch GET 200 https://registry.npmjs.org/is-yarn-global 423ms (cache hit)
npm http fetch GET 200 https://registry.npmjs.org/pupa 423ms (cache hit)
npm http fetch GET 200 https://registry.npmjs.org/semver-diff 423ms (cache hit)
npm http fetch GET 200 https://registry.npmjs.org/latest-version 424ms (cache hit)
npm http fetch GET 200 https://registry.npmjs.org/xdg-basedir 423ms (cache hit)
npm http fetch GET 200 https://registry.npmjs.org/cycle 421ms (cache hit)
npm http fetch GET 200 https://registry.npmjs.org/isstream 421ms (cache hit)
npm http fetch GET 200 https://registry.npmjs.org/cliui 419ms (cache hit)
npm http fetch GET 200 https://registry.npmjs.org/colors 423ms (cache hit)
npm http fetch GET 200 https://registry.npmjs.org/stack-trace 423ms (cache hit)
npm http fetch GET 200 https://registry.npmjs.org/find-up 423ms (cache hit)
npm http fetch GET 200 https://registry.npmjs.org/eyes 426ms (cache hit)
npm http fetch GET 200 https://registry.npmjs.org/get-caller-file 423ms (cache hit)
npm http fetch GET 200 https://registry.npmjs.org/require-main-filename 424ms (cache hit)
npm http fetch GET 200 https://registry.npmjs.org/decamelize 426ms (cache hit)
npm http fetch GET 200 https://registry.npmjs.org/which-module 424ms (cache hit)
npm http fetch GET 200 https://registry.npmjs.org/require-directory 426ms (cache hit)
npm http fetch GET 200 https://registry.npmjs.org/fs.realpath 464ms (cache hit)
npm http fetch GET 200 https://registry.npmjs.org/y18n 427ms (cache hit)
npm http fetch GET 200 https://registry.npmjs.org/he 454ms (cache hit)
npm http fetch GET 200 https://registry.npmjs.org/set-blocking 431ms (cache hit)
npm http fetch GET 200 https://registry.npmjs.org/yargs-parser 431ms (cache hit)
npm http fetch GET 200 https://registry.npmjs.org/lodash.defaults 43ms (cache hit)
npm http fetch GET 200 https://registry.npmjs.org/lodash.flatten 44ms (cache hit)
npm http fetch GET 200 https://registry.npmjs.org/lazystream 46ms (cache hit)
npm http fetch GET 200 https://registry.npmjs.org/lodash.difference 46ms (cache hit)
npm http fetch GET 200 https://registry.npmjs.org/lodash.isplainobject 46ms (cache hit)
npm http fetch GET 200 https://registry.npmjs.org/string_decoder 44ms (cache hit)
npm http fetch GET 200 https://registry.npmjs.org/lodash.union 48ms (cache hit)
npm http fetch GET 200 https://registry.npmjs.org/end-of-stream 40ms (cache hit)
npm http fetch GET 200 https://registry.npmjs.org/util-deprecate 46ms (cache hit)
npm http fetch GET 200 https://registry.npmjs.org/fs-constants 43ms (cache hit)
npm http fetch GET 200 https://registry.npmjs.org/normalize-path 53ms (cache hit)
npm http fetch GET 200 https://registry.npmjs.org/bl 45ms (cache hit)
npm http fetch GET 200 https://registry.npmjs.org/compress-commons 44ms (cache hit)
npm http fetch GET 200 https://registry.npmjs.org/core-util-is 11ms (cache hit)
npm http fetch GET 200 https://registry.npmjs.org/isarray 11ms (cache hit)
npm http fetch GET 200 https://registry.npmjs.org/process-nextick-args 12ms (cache hit)
npm http fetch GET 200 https://registry.npmjs.org/event-stream 8ms (cache hit)
npm http fetch GET 200 https://registry.npmjs.org/rimraf 7ms (cache hit)
npm http fetch GET 200 https://registry.npmjs.org/has-flag 6ms (cache hit)
npm http fetch GET 200 https://registry.npmjs.org/color-convert 9ms (cache hit)
npm http fetch GET 200 https://registry.npmjs.org/color-name 5ms (cache hit)
npm http fetch GET 200 https://registry.npmjs.org/strip-ansi 8ms (cache hit)
npm http fetch GET 200 https://registry.npmjs.org/is-fullwidth-code-point 10ms (cache hit)
npm http fetch GET 200 https://registry.npmjs.org/emoji-regex 11ms (cache hit)
npm http fetch GET 200 https://registry.npmjs.org/base64-js 81ms (cache hit)
npm http fetch GET 200 https://registry.npmjs.org/ieee754 82ms (cache hit)
npm http fetch GET 200 https://registry.npmjs.org/restore-cursor 80ms (cache hit)
npm http fetch GET 200 https://registry.npmjs.org/@colors%2fcolors 79ms (cache hit)
npm http fetch GET 200 https://registry.npmjs.org/cross-spawn 76ms (cache hit)
npm http fetch GET 200 https://registry.npmjs.org/human-signals 76ms (cache hit)
npm http fetch GET 200 https://registry.npmjs.org/get-stream 77ms (cache hit)
npm http fetch GET 200 https://registry.npmjs.org/merge-stream 77ms (cache hit)
npm http fetch GET 200 https://registry.npmjs.org/get-stream 74ms (cache hit)
npm http fetch GET 200 https://registry.npmjs.org/npm-run-path 78ms (cache hit)
npm http fetch GET 200 https://registry.npmjs.org/at-least-node 73ms (cache hit)
npm http fetch GET 200 https://registry.npmjs.org/is-stream 78ms (cache hit)
npm http fetch GET 200 https://registry.npmjs.org/onetime 79ms (cache hit)
npm http fetch GET 200 https://registry.npmjs.org/is-path-inside 70ms (cache hit)
npm http fetch GET 200 https://registry.npmjs.org/@types%2fyauzl 77ms (cache hit)
npm http fetch GET 200 https://registry.npmjs.org/ci-info 72ms (cache hit)
npm http fetch GET 200 https://registry.npmjs.org/cli-truncate 71ms (cache hit)
npm http fetch GET 200 https://registry.npmjs.org/signal-exit 80ms (cache hit)
npm http fetch GET 200 https://registry.npmjs.org/strip-final-newline 81ms (cache hit)
npm http fetch GET 200 https://registry.npmjs.org/p-map 71ms (cache hit)
npm http fetch GET 200 https://registry.npmjs.org/rfdc 72ms (cache hit)
npm http fetch GET 200 https://registry.npmjs.org/wrap-ansi 72ms (cache hit)
npm http fetch GET 200 https://registry.npmjs.org/through 73ms (cache hit)
npm http fetch GET 200 https://registry.npmjs.org/is-unicode-supported 71ms (cache hit)
npm http fetch GET 200 https://registry.npmjs.org/rxjs 74ms (cache hit)
npm http fetch GET 200 https://registry.npmjs.org/global-dirs 82ms (cache hit)
npm http fetch GET 200 https://registry.npmjs.org/log-update 81ms (cache hit)
npm http fetch GET 200 https://registry.npmjs.org/lru-cache 73ms (cache hit)
npm http fetch GET 200 https://registry.npmjs.org/throttleit 76ms (cache hit)
npm http fetch GET 200 https://registry.npmjs.org/colorette 84ms (cache hit)
npm http fetch GET 200 https://registry.npmjs.org/lodash.once 109ms (cache hit)
npm http fetch GET 200 https://registry.npmjs.org/fd-slicer 74ms (cache hit)
npm http fetch GET 200 https://registry.npmjs.org/asynckit 29ms (cache hit)
npm http fetch GET 200 https://registry.npmjs.org/assert-plus 29ms (cache hit)
npm http fetch GET 200 https://registry.npmjs.org/jsprim 29ms (cache hit)
npm http fetch GET 200 https://registry.npmjs.org/psl 23ms (cache hit)
npm http fetch GET 200 https://registry.npmjs.org/side-channel 26ms (cache hit)
npm http fetch GET 200 https://registry.npmjs.org/delayed-stream 36ms (cache hit)
npm http fetch GET 200 https://registry.npmjs.org/punycode 25ms (cache hit)
npm http fetch GET 200 https://registry.npmjs.org/url-parse 26ms (cache hit)
npm http fetch GET 200 https://registry.npmjs.org/sshpk 35ms (cache hit)
npm http fetch GET 200 https://registry.npmjs.org/mime-db 33ms (cache hit)
npm http fetch GET 200 https://registry.npmjs.org/seek-bzip 17ms (cache hit)
npm http fetch GET 200 https://registry.npmjs.org/file-type 19ms (cache hit)
npm http fetch GET 200 https://registry.npmjs.org/unbzip2-stream 20ms (cache hit)
npm http fetch GET 200 https://registry.npmjs.org/file-type 20ms (cache hit)
npm http fetch GET 200 https://registry.npmjs.org/is-natural-number 19ms (cache hit)
npm http fetch GET 200 https://registry.npmjs.org/file-type 27ms (cache hit)
npm http fetch GET 200 https://registry.npmjs.org/buffer-alloc 10ms (cache hit)
npm http fetch GET 200 https://registry.npmjs.org/xtend 9ms (cache hit)
npm http fetch GET 200 https://registry.npmjs.org/to-buffer 10ms (cache hit)
npm http fetch GET 200 https://registry.npmjs.org/object-assign 4ms (cache hit)
npm http fetch GET 200 https://registry.npmjs.org/pinkie-promise 5ms (cache hit)
npm http fetch GET 200 https://registry.npmjs.org/ansi-regex 4ms (cache hit)
npm http fetch GET 200 https://registry.npmjs.org/which 19ms (cache hit)
npm http fetch GET 200 https://registry.npmjs.org/path-key 21ms (cache hit)
npm http fetch GET 200 https://registry.npmjs.org/shebang-command 21ms (cache hit)
npm http fetch GET 200 https://registry.npmjs.org/mimic-fn 16ms (cache hit)
npm http fetch GET 200 https://registry.npmjs.org/pump 20ms (cache hit)
npm http fetch GET 200 https://registry.npmjs.org/path-key 18ms (cache hit)
npm http fetch GET 200 https://registry.npmjs.org/isexe 5ms (cache hit)
npm http fetch GET 200 https://registry.npmjs.org/shebang-regex 6ms (cache hit)
npm http fetch GET 200 https://registry.npmjs.org/undici-types 5ms (cache hit)
npm http fetch GET 200 https://registry.npmjs.org/pinkie 5ms (cache hit)
npm http fetch GET 200 https://registry.npmjs.org/brace-expansion 7ms (cache hit)
npm http fetch GET 200 https://registry.npmjs.org/wrappy 15ms (cache hit)
npm http fetch GET 200 https://registry.npmjs.org/json-schema 19ms (cache hit)
npm http fetch GET 200 https://registry.npmjs.org/verror 20ms (cache hit)
npm http fetch GET 200 https://registry.npmjs.org/getpass 19ms (cache hit)
npm http fetch GET 200 https://registry.npmjs.org/dashdash 20ms (cache hit)
npm http fetch GET 200 https://registry.npmjs.org/extsprintf 22ms (cache hit)
npm http fetch GET 200 https://registry.npmjs.org/asn1 21ms (cache hit)
npm http fetch GET 200 https://registry.npmjs.org/ecc-jsbn 20ms (cache hit)
npm http fetch GET 200 https://registry.npmjs.org/jsbn 22ms (cache hit)
npm http fetch GET 200 https://registry.npmjs.org/bcrypt-pbkdf 22ms (cache hit)
npm http fetch GET 200 https://registry.npmjs.org/safer-buffer 23ms (cache hit)
npm http fetch GET 200 https://registry.npmjs.org/tweetnacl 23ms (cache hit)
npm http fetch GET 200 https://registry.npmjs.org/aggregate-error 11ms (cache hit)
npm http fetch GET 200 https://registry.npmjs.org/ansi-escapes 13ms (cache hit)
npm http fetch GET 200 https://registry.npmjs.org/tslib 12ms (cache hit)
npm http fetch GET 200 https://registry.npmjs.org/astral-regex 4ms (cache hit)
npm http fetch GET 200 https://registry.npmjs.org/type-fest 7ms (cache hit)
npm http fetch GET 200 https://registry.npmjs.org/balanced-match 5ms (cache hit)
npm http fetch GET 200 https://registry.npmjs.org/concat-map 5ms (cache hit)
npm http fetch GET 200 https://registry.npmjs.org/anymatch 134ms (cache hit)
npm http fetch GET 200 https://registry.npmjs.org/braces 136ms (cache hit)
npm http fetch GET 200 https://registry.npmjs.org/readdirp 135ms (cache hit)
npm http fetch GET 200 https://registry.npmjs.org/glob-parent 137ms (cache hit)
npm http fetch GET 200 https://registry.npmjs.org/is-binary-path 138ms (cache hit)
npm http fetch GET 200 https://registry.npmjs.org/locate-path 134ms (cache hit)
npm http fetch GET 200 https://registry.npmjs.org/fsevents 138ms (cache hit)
npm http fetch GET 200 https://registry.npmjs.org/is-glob 139ms (cache hit)
npm http fetch GET 200 https://registry.npmjs.org/randombytes 131ms (cache hit)
npm http fetch GET 200 https://registry.npmjs.org/argparse 135ms (cache hit)
npm http fetch GET 200 https://registry.npmjs.org/path-exists 139ms (cache hit)
npm http fetch GET 200 https://registry.npmjs.org/flat 128ms (cache hit)
npm http fetch GET 200 https://registry.npmjs.org/escalade 131ms (cache hit)
npm http fetch GET 200 https://registry.npmjs.org/camelcase 129ms (cache hit)
npm http fetch GET 200 https://registry.npmjs.org/is-plain-obj 129ms (cache hit)
npm http fetch GET 200 https://registry.npmjs.org/picomatch 18ms (cache hit)
npm http fetch GET 200 https://registry.npmjs.org/fill-range 18ms (cache hit)
npm http fetch GET 200 https://registry.npmjs.org/is-extglob 14ms (cache hit)
npm http fetch GET 200 https://registry.npmjs.org/binary-extensions 16ms (cache hit)
npm http fetch GET 200 https://registry.npmjs.org/picomatch 14ms (cache hit)
npm http fetch GET 200 https://registry.npmjs.org/to-regex-range 4ms (cache hit)
npm http fetch GET 200 https://registry.npmjs.org/is-number 4ms (cache hit)
npm http fetch GET 200 https://registry.npmjs.org/p-locate 4ms (cache hit)
npm http fetch GET 200 https://registry.npmjs.org/p-limit 4ms (cache hit)
npm http fetch GET 200 https://registry.npmjs.org/easy-stack 6ms (cache hit)
npm http fetch GET 200 https://registry.npmjs.org/yocto-queue 4ms (cache hit)
npm http fetch GET 200 https://registry.npmjs.org/clean-stack 5ms (cache hit)
npm http fetch GET 200 https://registry.npmjs.org/indent-string 5ms (cache hit)
npm http fetch GET 200 https://registry.npmjs.org/from 10ms (cache hit)
npm http fetch GET 200 https://registry.npmjs.org/duplexer 12ms (cache hit)
npm http fetch GET 200 https://registry.npmjs.org/pause-stream 11ms (cache hit)
npm http fetch GET 200 https://registry.npmjs.org/map-stream 12ms (cache hit)
npm http fetch GET 200 https://registry.npmjs.org/split 12ms (cache hit)
npm http fetch GET 200 https://registry.npmjs.org/stream-combiner 12ms (cache hit)
npm http fetch GET 200 https://registry.npmjs.org/get-intrinsic 8ms (cache hit)
npm http fetch GET 200 https://registry.npmjs.org/call-bind 9ms (cache hit)
npm http fetch GET 200 https://registry.npmjs.org/es-errors 9ms (cache hit)
npm http fetch GET 200 https://registry.npmjs.org/object-inspect 10ms (cache hit)
npm http fetch GET 200 https://registry.npmjs.org/har-schema 9ms (cache hit)
npm http fetch GET 200 https://registry.npmjs.org/fast-deep-equal 8ms (cache hit)
npm http fetch GET 200 https://registry.npmjs.org/uri-js 8ms (cache hit)
npm http fetch GET 200 https://registry.npmjs.org/fast-json-stable-stringify 9ms (cache hit)
npm http fetch GET 200 https://registry.npmjs.org/json-schema-traverse 9ms (cache hit)
npm http fetch GET 200 https://registry.npmjs.org/yallist 6ms (cache hit)
npm http fetch GET 200 https://registry.npmjs.org/function-bind 11ms (cache hit)
npm http fetch GET 200 https://registry.npmjs.org/set-function-length 13ms (cache hit)
npm http fetch GET 200 https://registry.npmjs.org/has-proto 12ms (cache hit)
npm http fetch GET 200 https://registry.npmjs.org/hasown 12ms (cache hit)
npm http fetch GET 200 https://registry.npmjs.org/has-symbols 13ms (cache hit)
npm http fetch GET 200 https://registry.npmjs.org/es-define-property 16ms (cache hit)
npm http fetch GET 200 https://registry.npmjs.org/has-property-descriptors 6ms (cache hit)
npm http fetch GET 200 https://registry.npmjs.org/define-data-property 6ms (cache hit)
npm http fetch GET 200 https://registry.npmjs.org/gopd 7ms (cache hit)
npm http fetch GET 200 https://registry.npmjs.org/querystringify 6ms (cache hit)
npm http fetch GET 200 https://registry.npmjs.org/requires-port 6ms (cache hit)
npm http fetch GET 200 https://registry.npmjs.org/ansi-align 24ms (cache hit)
npm http fetch GET 200 https://registry.npmjs.org/cli-boxes 24ms (cache hit)
npm http fetch GET 200 https://registry.npmjs.org/dot-prop 24ms (cache hit)
npm http fetch GET 200 https://registry.npmjs.org/unique-string 23ms (cache hit)
npm http fetch GET 200 https://registry.npmjs.org/package-json 19ms (cache hit)
npm http fetch GET 200 https://registry.npmjs.org/widest-line 26ms (cache hit)
npm http fetch GET 200 https://registry.npmjs.org/write-file-atomic 25ms (cache hit)
npm http fetch GET 200 https://registry.npmjs.org/escape-goat 20ms (cache hit)
npm http fetch GET 200 https://registry.npmjs.org/crypto-random-string 8ms (cache hit)
npm http fetch GET 200 https://registry.npmjs.org/typedarray-to-buffer 8ms (cache hit)
npm http fetch GET 200 https://registry.npmjs.org/is-obj 12ms (cache hit)
npm http fetch GET 200 https://registry.npmjs.org/imurmurhash 9ms (cache hit)
npm http fetch GET 200 https://registry.npmjs.org/registry-url 7ms (cache hit)
npm http fetch GET 200 https://registry.npmjs.org/registry-auth-token 7ms (cache hit)
npm http fetch GET 200 https://registry.npmjs.org/got 8ms (cache hit)
npm http fetch GET 200 https://registry.npmjs.org/cacheable-request 23ms (cache hit)
npm http fetch GET 200 https://registry.npmjs.org/@szmarczak%2fhttp-timer 25ms (cache hit)
npm http fetch GET 200 https://registry.npmjs.org/@sindresorhus%2fis 26ms (cache hit)
npm http fetch GET 200 https://registry.npmjs.org/lowercase-keys 25ms (cache hit)
npm http fetch GET 200 https://registry.npmjs.org/decompress-response 26ms (cache hit)
npm http fetch GET 200 https://registry.npmjs.org/mimic-response 26ms (cache hit)
npm http fetch GET 200 https://registry.npmjs.org/duplexer3 27ms (cache hit)
npm http fetch GET 200 https://registry.npmjs.org/to-readable-stream 26ms (cache hit)
npm http fetch GET 200 https://registry.npmjs.org/p-cancelable 27ms (cache hit)
npm http fetch GET 200 https://registry.npmjs.org/url-parse-lax 28ms (cache hit)
npm http fetch GET 200 https://registry.npmjs.org/rc 28ms (cache hit)
npm http fetch GET 200 https://registry.npmjs.org/rc 29ms (cache hit)
npm http fetch GET 200 https://registry.npmjs.org/defer-to-connect 17ms (cache hit)
npm http fetch GET 200 https://registry.npmjs.org/http-cache-semantics 17ms (cache hit)
npm http fetch GET 200 https://registry.npmjs.org/clone-response 18ms (cache hit)
npm http fetch GET 200 https://registry.npmjs.org/keyv 19ms (cache hit)
npm http fetch GET 200 https://registry.npmjs.org/prepend-http 15ms (cache hit)
npm http fetch GET 200 https://registry.npmjs.org/normalize-url 22ms (cache hit)
npm http fetch GET 200 https://registry.npmjs.org/responselike 22ms (cache hit)
npm http fetch GET 200 https://registry.npmjs.org/json-buffer 8ms (cache hit)
npm http fetch GET 200 https://registry.npmjs.org/deep-extend 4ms (cache hit)
npm http fetch GET 200 https://registry.npmjs.org/pend 6ms (cache hit)
npm http fetch GET 200 https://registry.npmjs.org/crc32-stream 116ms (cache hit)
npm http fetch GET 200 https://registry.npmjs.org/crc-32 13ms (cache hit)
npm http fetch GET 200 https://registry.npmjs.org/buffer-alloc-unsafe 8ms (cache hit)
npm http fetch GET 200 https://registry.npmjs.org/buffer-fill 9ms (cache hit)
npm http fetch GET 200 https://registry.npmjs.org/p-try 6ms (cache hit)
npm verb reify failed optional dependency D:\Portfolio projects\jb\tmpBstackPackages\node_modules\fsevents
npm http fetch POST 200 https://registry.npmjs.org/-/npm/v1/security/advisories/bulk 4995ms
npm WARN deprecated har-validator@5.1.5: this library is no longer supported
npm WARN deprecated uuid@3.4.0: Please upgrade  to version 7 or higher.  Older versions may use Math.random() in certain circumstances, which is known to be problematic.  See https://v8.dev/blog/math-random for details.
npm WARN deprecated request@2.88.2: request has been deprecated, see https://github.com/request/request/issues/3142
npm info run cypress@13.6.6 postinstall node_modules/cypress node index.js --exec install
npm info run cypress@13.6.6 postinstall { code: 0, signal: null }

added 448 packages, and audited 449 packages in 17s

65 packages are looking for funding
  run `npm fund` for details

7 moderate severity vulnerabilities

To address all issues (including breaking changes), run:
  npm audit fix --force

Run `npm audit` for details.
npm verb exit 0
npm info ok 
